Arguments: 
  C:\Program Files\nodejs\node.exe C:\Program Files (x86)\Yarn\bin\yarn.js add styles-component

PATH: 
  C:\Python27\;C:\Python27\Scripts;C:\Windows\system32;C:\Windows;C:\Windows\System32\Wbem;C:\Windows\System32\WindowsPowerShell\v1.0\;C:\Windows\System32\OpenSSH\;C:\ProgramData\chocolatey\bin;C:\Users\Intel\AppData\Local\Android\Sdk\platforms;C:\Users\Intel\AppData\Local\Android\Sdk\platform-tools;C:\Program Files (x86)\Yarn\bin\;C:\Program Files\Git\cmd;%NVM_HOME%;%NVM_SYMLINK%;C:\Users\Intel\AppData\Local\Microsoft\WindowsApps;C:\Users\Intel\AppData\Local\Programs\Microsoft VS Code\bin;C:\Users\Intel\AppData\Roaming\npm;C:\Users\Intel\AppData\Local\Yarn\bin;C:\Users\Intel\AppData\Roaming\nvm;C:\Program Files\nodejs;C:\Program Files\heroku\bin

Yarn version: 
  1.21.1

Node version: 
  10.16.3

Platform: 
  win32 ia32

Trace: 
  Error: https://registry.yarnpkg.com/styles-component: Not found
      at Request.params.callback [as _callback] (C:\Program Files (x86)\Yarn\lib\cli.js:66056:18)
      at Request.self.callback (C:\Program Files (x86)\Yarn\lib\cli.js:140665:22)
      at Request.emit (events.js:198:13)
      at Request.<anonymous> (C:\Program Files (x86)\Yarn\lib\cli.js:141637:10)
      at Request.emit (events.js:198:13)
      at IncomingMessage.<anonymous> (C:\Program Files (x86)\Yarn\lib\cli.js:141559:12)
      at Object.onceWrapper (events.js:286:20)
      at IncomingMessage.emit (events.js:203:15)
      at endReadableNT (_stream_readable.js:1145:12)
      at process._tickCallback (internal/process/next_tick.js:63:19)

npm manifest: 
  {
    "name": "crown-clothing",
    "version": "0.1.0",
    "private": true,
    "dependencies": {
      "@testing-library/jest-dom": "^4.2.4",
      "@testing-library/react": "^9.3.2",
      "@testing-library/user-event": "^7.1.2",
      "firebase": "^7.9.1",
      "gh-pages": "^2.2.0",
      "node-pre-gyp": "^0.14.0",
      "node-sass": "^4.13.1",
      "react": "^16.12.0",
      "react-dom": "^16.12.0",
      "react-redux": "^7.2.0",
      "react-router-dom": "^5.1.2",
      "react-scripts": "^3.4.0",
      "react-stripe-checkout": "^2.6.3",
      "redux": "^4.0.5",
      "redux-logger": "^3.0.6",
      "redux-persist": "^6.0.0",
      "reselect": "^4.0.0"
    },
    "scripts": {
      "start": "react-scripts start",
      "build": "react-scripts build",
      "test": "react-scripts test",
      "eject": "react-scripts eject"
    },
    "eslintConfig": {
      "extends": "react-app"
    },
    "browserslist": {
      "production": [
        ">0.2%",
        "not dead",
        "not op_mini all"
      ],
      "development": [
        "last 1 chrome version",
        "last 1 firefox version",
        "last 1 safari version"
      ]
    }
  }

yarn manifest: 
  No manifest

Lockfile: 
  No lockfile
